<?xml version="1.0" encoding="UTF-8"?>
<!-- Generated by org.testng.reporters.JUnitReportReporter -->
<testsuite skipped="0" hostname="DESKTOP-N5Q6O18" name="qaclickacademy.RestAPI" tests="2" failures="0" timestamp="19 May 2019 20:43:52 GMT" time="0.015" errors="0">
  <testcase name="NativeTest" time="0.000" classname="qaclickacademy.RestAPI"/>
  <testcase name="MainTest" time="0.015" classname="qaclickacademy.RestAPI"/>
</testsuite> <!-- qaclickacademy.RestAPI -->
