<?xml version="1.0" encoding="UTF-8"?>
<!-- Generated by org.testng.reporters.JUnitReportReporter -->
<testsuite skipped="0" hostname="DESKTOP-N5Q6O18" name="qaclickacademy.AppiumTest" tests="2" failures="0" timestamp="29 May 2019 03:09:41 GMT" time="0.010" errors="0">
  <testcase name="IOSTest" time="0.002" classname="qaclickacademy.AppiumTest"/>
  <testcase name="AndroidTest" time="0.008" classname="qaclickacademy.AppiumTest"/>
</testsuite> <!-- qaclickacademy.AppiumTest -->
