<?xml version="1.0" encoding="UTF-8"?>
<!-- Generated by org.testng.reporters.JUnitReportReporter -->
<testsuite skipped="0" hostname="DESKTOP-N5Q6O18" name="qaclickacademy.RestAPITest" tests="2" failures="0" timestamp="18 Jul 2019 04:04:22 GMT" time="0.000" errors="0">
  <testcase name="MainTest" time="0.000" classname="qaclickacademy.RestAPITest"/>
  <testcase name="NativeTest" time="0.000" classname="qaclickacademy.RestAPITest"/>
</testsuite> <!-- qaclickacademy.RestAPITest -->
