<?xml version="1.0" encoding="UTF-8"?>
<!-- Generated by org.testng.reporters.JUnitReportReporter -->
<testsuite skipped="0" hostname="DESKTOP-N5Q6O18" name="qaclickacademy.SeleniumTest" tests="2" failures="0" timestamp="18 Jul 2019 04:04:22 GMT" time="0.000" errors="0">
  <testcase name="Elementsui" time="0.000" classname="qaclickacademy.SeleniumTest"/>
  <testcase name="BrowserAutomation" time="0.000" classname="qaclickacademy.SeleniumTest"/>
</testsuite> <!-- qaclickacademy.SeleniumTest -->
